[2026-06-15T06:27:02.066Z] === OTE Multi Bot run ===
[2026-06-15T06:27:02.069Z] PNL: $0 | Signals: 0/2
[2026-06-15T06:27:02.114Z] [MBT] Close: 65920.9 | High: 65922.7 | Low: 65789.9
[2026-06-15T06:27:02.115Z] [MBT] No RR≥2.5 signal
[2026-06-15T06:27:02.115Z] [MNQ] Polygon.io API key not set in config.json (global.polygon_api_key)
[2026-06-15T06:27:02.115Z] [MGC] Polygon.io API key not set in config.json (global.polygon_api_key)
[2026-06-15T06:36:16.110Z] === OTE Multi Bot run ===
[2026-06-15T06:36:16.113Z] PNL: $0 | Signals: 0/2
[2026-06-15T06:36:16.157Z] [MBT] Close: 65761.5 | High: 65924.3 | Low: 65761.4
[2026-06-15T06:36:16.158Z] [MBT] No RR≥2.5 signal
[2026-06-15T06:36:16.158Z] [MNQ] Polygon.io API key not set in config.json (global.polygon_api_key)
[2026-06-15T06:36:16.158Z] [MGC] Polygon.io API key not set in config.json (global.polygon_api_key)
[2026-06-15T06:42:03.262Z] === OTE Multi Bot run ===
[2026-06-15T06:42:03.264Z] PNL: $0 | Signals: 0/2
[2026-06-15T06:42:03.309Z] [MBT] Close: 65752.9 | High: 65924.3 | Low: 65738.6
[2026-06-15T06:42:03.309Z] [MBT] No RR≥2.5 signal
[2026-06-15T06:42:03.309Z] [MNQ] Polygon.io API key not set in config.json (global.polygon_api_key)
[2026-06-15T06:42:03.310Z] [MGC] Polygon.io API key not set in config.json (global.polygon_api_key)
[2026-06-15T06:45:02.309Z] === OTE Multi Bot run ===
[2026-06-15T06:45:02.312Z] PNL: $0 | Signals: 0/2
[2026-06-15T06:45:02.357Z] [MBT] Close: 65773.7 | High: 65924.3 | Low: 65738.6
[2026-06-15T06:45:02.357Z] [MBT] No RR≥2.5 signal
[2026-06-15T06:45:02.357Z] [MNQ] Polygon.io API key not set in config.json (global.polygon_api_key)
[2026-06-15T06:45:02.357Z] [MGC] Polygon.io API key not set in config.json (global.polygon_api_key)
[2026-06-15T06:48:01.875Z] === OTE Multi Bot run ===
[2026-06-15T06:48:01.877Z] PNL: $0 | Signals: 0/2
[2026-06-15T06:48:01.921Z] [MBT] Close: 65793.4 | High: 65924.3 | Low: 65738.6
[2026-06-15T06:48:01.921Z] [MBT] No RR≥2.5 signal
[2026-06-15T06:48:01.922Z] [MNQ] Polygon.io API key not set in config.json (global.polygon_api_key)
[2026-06-15T06:48:01.922Z] [MGC] Polygon.io API key not set in config.json (global.polygon_api_key)
[2026-06-15T06:51:08.150Z] === OTE Multi Bot run ===
[2026-06-15T06:51:08.153Z] PNL: $0 | Signals: 0/2
[2026-06-15T06:51:08.337Z] [MBT] Close: 65817.4 | High: 65924.3 | Low: 65738.6
[2026-06-15T06:51:08.337Z] [MBT] No RR≥2.5 signal
[2026-06-15T06:51:08.338Z] [MNQ] Polygon.io API key not set in config.json (global.polygon_api_key)
[2026-06-15T06:51:08.338Z] [MGC] Polygon.io API key not set in config.json (global.polygon_api_key)
[2026-06-15T07:04:10.160Z] === OTE Multi Bot run ===
[2026-06-15T07:04:10.163Z] PNL: $0 | Signals: 0/2
[2026-06-15T07:04:10.208Z] [MBT] Close: 65694.5 | High: 65851.2 | Low: 65660
[2026-06-15T07:04:10.209Z] [MBT] No RR≥2.5 signal
[2026-06-15T07:04:10.209Z] [MNQ] Polygon.io API key not set in config.json (global.polygon_api_key)
[2026-06-15T07:04:10.209Z] [MGC] Polygon.io API key not set in config.json (global.polygon_api_key)
[2026-06-15T07:09:18.027Z] === OTE Multi Bot run ===
[2026-06-15T07:09:18.031Z] PNL: $0 | Signals: 0/2
[2026-06-15T07:09:18.213Z] [MBT] Close: 65769.5 | High: 65851.2 | Low: 65660
[2026-06-15T07:09:18.213Z] [MBT] No RR≥2.5 signal
[2026-06-15T07:09:18.214Z] [MNQ] Polygon.io API key not set in config.json (global.polygon_api_key)
[2026-06-15T07:09:18.214Z] [MGC] Polygon.io API key not set in config.json (global.polygon_api_key)
[2026-06-15T07:18:02.365Z] === OTE Multi Bot run ===
[2026-06-15T07:18:02.367Z] PNL: $0 | Signals: 0/2
[2026-06-15T07:18:02.578Z] [MBT] Close: 65838.6 | High: 65851.2 | Low: 65660
[2026-06-15T07:18:02.579Z] [MBT] No RR≥2.5 signal
[2026-06-15T07:18:02.579Z] [MNQ] Polygon.io API key not set in config.json (global.polygon_api_key)
[2026-06-15T07:18:02.579Z] [MGC] Polygon.io API key not set in config.json (global.polygon_api_key)
[2026-06-15T07:24:02.250Z] === OTE Multi Bot run ===
[2026-06-15T07:24:02.253Z] PNL: $0 | Signals: 0/2
[2026-06-15T07:24:02.304Z] [MBT] Close: 65854.3 | High: 65873.8 | Low: 65660
[2026-06-15T07:24:02.305Z] [MBT] No RR≥2.5 signal
[2026-06-15T07:24:02.305Z] [MNQ] Polygon.io API key not set in config.json (global.polygon_api_key)
[2026-06-15T07:24:02.305Z] [MGC] Polygon.io API key not set in config.json (global.polygon_api_key)
[2026-06-15T07:27:02.070Z] === OTE Multi Bot run ===
[2026-06-15T07:27:02.072Z] PNL: $0 | Signals: 0/2
[2026-06-15T07:27:02.117Z] [MBT] Close: 65906.1 | High: 65950 | Low: 65660
[2026-06-15T07:27:02.118Z] [MBT] No RR≥2.5 signal
[2026-06-15T07:27:02.118Z] [MNQ] Polygon.io API key not set in config.json (global.polygon_api_key)
[2026-06-15T07:27:02.118Z] [MGC] Polygon.io API key not set in config.json (global.polygon_api_key)

[2026-06-15T07:33:32.786Z] === OTE Multi Bot run ===
[2026-06-15T07:33:32.789Z] PNL: $0 | Signals: 0/2
[2026-06-15T07:33:32.972Z] [MBT] Close: 65738.6 | High: 65950 | Low: 65692.9
[2026-06-15T07:33:32.972Z] [MBT] No RR≥2.5 signal
[2026-06-15T07:33:32.973Z] [MNQ] Polygon.io API key not set in config.json (global.polygon_api_key)
[2026-06-15T07:33:32.973Z] [MGC] Polygon.io API key not set in config.json (global.polygon_api_key)
[2026-06-15T07:48:02.763Z] === OTE Multi Bot run ===
[2026-06-15T07:48:02.765Z] PNL: $0 | Signals: 0/2
[2026-06-15T07:48:02.810Z] [MBT] Close: 65680.1 | High: 65950 | Low: 65671.5
[2026-06-15T07:48:02.810Z] [MBT] No RR≥2.5 signal
[2026-06-15T07:48:02.811Z] [MNQ] Polygon.io API key not set in config.json (global.polygon_api_key)
[2026-06-15T07:48:02.811Z] [MGC] Polygon.io API key not set in config.json (global.polygon_api_key)
[2026-06-15T07:51:02.340Z] === OTE Multi Bot run ===
[2026-06-15T07:51:02.342Z] PNL: $0 | Signals: 0/2
[2026-06-15T07:51:02.388Z] [MBT] Close: 65638.6 | High: 65950 | Low: 65638.6
[2026-06-15T07:51:02.389Z] [MBT] No RR≥2.5 signal
[2026-06-15T07:51:02.389Z] [MNQ] Polygon.io API key not set in config.json (global.polygon_api_key)
[2026-06-15T07:51:02.389Z] [MGC] Polygon.io API key not set in config.json (global.polygon_api_key)

[2026-06-15T07:54:02.216Z] === OTE Multi Bot run ===
[2026-06-15T07:54:02.220Z] PNL: $0 | Signals: 0/2
[2026-06-15T07:54:02.272Z] [MBT] Close: 65691.3 | High: 65950 | Low: 65638.6
[2026-06-15T07:54:02.273Z] [MBT] No RR≥2.5 signal
[2026-06-15T07:54:02.273Z] [MNQ] Polygon.io API key not set in config.json (global.polygon_api_key)
[2026-06-15T07:54:02.273Z] [MGC] Polygon.io API key not set in config.json (global.polygon_api_key)
[2026-06-15T07:57:02.757Z] === OTE Multi Bot run ===
[2026-06-15T07:57:02.761Z] PNL: $0 | Signals: 0/2
[2026-06-15T07:57:02.951Z] [MBT] Close: 65629.7 | High: 65939 | Low: 65629.7
[2026-06-15T07:57:02.951Z] [MBT] No RR≥2.5 signal
[2026-06-15T07:57:02.952Z] [MNQ] Polygon.io API key not set in config.json (global.polygon_api_key)
[2026-06-15T07:57:02.952Z] [MGC] Polygon.io API key not set in config.json (global.polygon_api_key)
[2026-06-15T08:02:32.756Z] === OTE Multi Bot run ===
[2026-06-15T08:02:32.759Z] PNL: $0 | Signals: 0/2
[2026-06-15T08:02:32.811Z] [MBT] Close: 65622.4 | High: 65764.2 | Low: 65600
[2026-06-15T08:02:32.811Z] [MBT] No RR≥2.5 signal
[2026-06-15T08:02:32.811Z] [MNQ] Polygon.io API key not set in config.json (global.polygon_api_key)
[2026-06-15T08:02:32.811Z] [MGC] Polygon.io API key not set in config.json (global.polygon_api_key)
[2026-06-15T08:03:02.398Z] === OTE Multi Bot run ===
[2026-06-15T08:03:02.402Z] PNL: $0 | Signals: 0/2
[2026-06-15T08:03:02.452Z] [MBT] Close: 65638.6 | High: 65738.7 | Low: 65600
[2026-06-15T08:03:02.452Z] [MBT] No RR≥2.5 signal
[2026-06-15T08:03:02.452Z] [MNQ] Polygon.io API key not set in config.json (global.polygon_api_key)
[2026-06-15T08:03:02.453Z] [MGC] Polygon.io API key not set in config.json (global.polygon_api_key)
[2026-06-15T08:06:02.264Z] === OTE Multi Bot run ===
[2026-06-15T08:06:02.267Z] PNL: $0 | Signals: 0/2
[2026-06-15T08:06:02.323Z] [MBT] Close: 65692.9 | High: 65731.7 | Low: 65600
[2026-06-15T08:06:02.324Z] [MBT] No RR≥2.5 signal
[2026-06-15T08:06:02.324Z] [MNQ] Polygon.io API key not set in config.json (global.polygon_api_key)
[2026-06-15T08:06:02.324Z] [MGC] Polygon.io API key not set in config.json (global.polygon_api_key)
[2026-06-15T08:21:02.492Z] === OTE Multi Bot run ===
[2026-06-15T08:21:02.495Z] PNL: $0 | Signals: 0/2
[2026-06-15T08:21:02.684Z] [MBT] Close: 65614.9 | High: 65731.7 | Low: 65600
[2026-06-15T08:21:02.685Z] [MBT] No RR≥2.5 signal
[2026-06-15T08:21:02.685Z] [MNQ] Polygon.io API key not set in config.json (global.polygon_api_key)
[2026-06-15T08:21:02.685Z] [MGC] Polygon.io API key not set in config.json (global.polygon_api_key)
[2026-06-15T08:27:02.145Z] === OTE Multi Bot run ===
[2026-06-15T08:27:02.148Z] PNL: $0 | Signals: 0/2
[2026-06-15T08:27:02.207Z] [MBT] Close: 65620.6 | High: 65700 | Low: 65570.8
[2026-06-15T08:27:02.207Z] [MBT] No RR≥2.5 signal
[2026-06-15T08:27:02.208Z] [MNQ] Polygon.io API key not set in config.json (global.polygon_api_key)
[2026-06-15T08:27:02.208Z] [MGC] Polygon.io API key not set in config.json (global.polygon_api_key)
[2026-06-15T08:40:26.628Z] === OTE Multi Bot run ===
[2026-06-15T08:40:26.630Z] PNL: $0 | Signals: 0/2
[2026-06-15T08:40:26.820Z] [MBT] Close: 65661.7 | High: 65695 | Low: 65570.8
[2026-06-15T08:40:26.820Z] [MBT] No RR≥2.5 signal
[2026-06-15T08:40:26.821Z] [MNQ] Polygon.io API key not set in config.json (global.polygon_api_key)
[2026-06-15T08:40:26.821Z] [MGC] Polygon.io API key not set in config.json (global.polygon_api_key)
[2026-06-15T08:42:02.473Z] === OTE Multi Bot run ===
[2026-06-15T08:42:02.476Z] PNL: $0 | Signals: 0/2
[2026-06-15T08:42:02.521Z] [MBT] Close: 65661.8 | High: 65695 | Low: 65570.8
[2026-06-15T08:42:02.522Z] [MBT] No RR≥2.5 signal
[2026-06-15T08:42:02.522Z] [MNQ] Polygon.io API key not set in config.json (global.polygon_api_key)
[2026-06-15T08:42:02.522Z] [MGC] Polygon.io API key not set in config.json (global.polygon_api_key)
[2026-06-15T08:45:07.286Z] === OTE Multi Bot run ===
[2026-06-15T08:45:07.289Z] PNL: $0 | Signals: 0/2
[2026-06-15T08:45:07.334Z] [MBT] Close: 65720.8 | High: 65736.3 | Low: 65570.8
[2026-06-15T08:45:07.334Z] [MBT] No RR≥2.5 signal
[2026-06-15T08:45:07.334Z] [MNQ] Polygon.io API key not set in config.json (global.polygon_api_key)
[2026-06-15T08:45:07.334Z] [MGC] Polygon.io API key not set in config.json (global.polygon_api_key)
[2026-06-15T08:48:06.467Z] === OTE Multi Bot run ===
[2026-06-15T08:48:06.471Z] PNL: $0 | Signals: 0/2
[2026-06-15T08:48:06.659Z] [MBT] Close: 65738.1 | High: 65738.6 | Low: 65570.8
[2026-06-15T08:48:06.660Z] [MBT] No RR≥2.5 signal
[2026-06-15T08:48:06.660Z] [MNQ] Polygon.io API key not set in config.json (global.polygon_api_key)
[2026-06-15T08:48:06.660Z] [MGC] Polygon.io API key not set in config.json (global.polygon_api_key)
[2026-06-15T08:51:02.204Z] === OTE Multi Bot run ===
[2026-06-15T08:51:02.207Z] PNL: $0 | Signals: 0/2
[2026-06-15T08:51:02.255Z] [MBT] Close: 65701.2 | High: 65738.6 | Low: 65570.8
[2026-06-15T08:51:02.257Z] [MBT] No RR≥2.5 signal
[2026-06-15T08:51:02.258Z] [MNQ] Polygon.io API key not set in config.json (global.polygon_api_key)
[2026-06-15T08:51:02.258Z] [MGC] Polygon.io API key not set in config.json (global.polygon_api_key)
[2026-06-15T09:06:10.670Z] === OTE Multi Bot run ===
[2026-06-15T09:06:10.673Z] PNL: $0 | Signals: 0/2
[2026-06-15T09:06:10.856Z] [MBT] Close: 65627.6 | High: 65738.6 | Low: 65603.7
[2026-06-15T09:06:10.856Z] [MBT] No RR≥2.5 signal
[2026-06-15T09:06:10.857Z] [MNQ] Polygon.io API key not set in config.json (global.polygon_api_key)
[2026-06-15T09:06:10.857Z] [MGC] Polygon.io API key not set in config.json (global.polygon_api_key)
[2026-06-15T09:12:02.135Z] === OTE Multi Bot run ===
[2026-06-15T09:12:02.138Z] PNL: $0 | Signals: 0/2
[2026-06-15T09:12:02.180Z] [MBT] Close: 65627.7 | High: 65738.6 | Low: 65603.7
[2026-06-15T09:12:02.180Z] [MBT] No RR≥2.5 signal
[2026-06-15T09:12:02.181Z] [MNQ] Polygon.io API key not set in config.json (global.polygon_api_key)
[2026-06-15T09:12:02.181Z] [MGC] Polygon.io API key not set in config.json (global.polygon_api_key)
[2026-06-15T09:27:02.178Z] === OTE Multi Bot run ===
[2026-06-15T09:27:02.181Z] PNL: $0 | Signals: 0/2
[2026-06-15T09:27:02.230Z] [MBT] Close: 65640.5 | High: 65738.5 | Low: 65623.7
[2026-06-15T09:27:02.230Z] [MBT] No RR≥2.5 signal
[2026-06-15T09:27:02.231Z] [MNQ] Polygon.io API key not set in config.json (global.polygon_api_key)
[2026-06-15T09:27:02.231Z] [MGC] Polygon.io API key not set in config.json (global.polygon_api_key)
[2026-06-15T09:36:03.011Z] === OTE Multi Bot run ===
[2026-06-15T09:36:03.013Z] PNL: $0 | Signals: 0/2
[2026-06-15T09:36:03.056Z] [MBT] Close: 65526.7 | High: 65738.5 | Low: 65526.3
[2026-06-15T09:36:03.056Z] [MBT] No RR≥2.5 signal
[2026-06-15T09:36:03.057Z] [MNQ] Polygon.io API key not set in config.json (global.polygon_api_key)
[2026-06-15T09:36:03.057Z] [MGC] Polygon.io API key not set in config.json (global.polygon_api_key)
[2026-06-15T09:39:03.557Z] === OTE Multi Bot run ===
[2026-06-15T09:39:03.560Z] PNL: $0 | Signals: 0/2
[2026-06-15T09:39:03.742Z] [MBT] Close: 65495 | High: 65738.5 | Low: 65494.9
[2026-06-15T09:39:03.743Z] [MBT] No RR≥2.5 signal
[2026-06-15T09:39:03.743Z] [MNQ] Polygon.io API key not set in config.json (global.polygon_api_key)
[2026-06-15T09:39:03.743Z] [MGC] Polygon.io API key not set in config.json (global.polygon_api_key)
[2026-06-15T09:42:06.993Z] === OTE Multi Bot run ===
[2026-06-15T09:42:06.996Z] PNL: $0 | Signals: 0/2
[2026-06-15T09:42:07.157Z] [MBT] Close: 65541.5 | High: 65738.5 | Low: 65463.6
[2026-06-15T09:42:07.157Z] [MBT] No RR≥2.5 signal
[2026-06-15T09:42:07.157Z] [MNQ] Polygon.io API key not set in config.json (global.polygon_api_key)
[2026-06-15T09:42:07.158Z] [MGC] Polygon.io API key not set in config.json (global.polygon_api_key)
[2026-06-15T09:45:02.254Z] === OTE Multi Bot run ===
[2026-06-15T09:45:02.258Z] PNL: $0 | Signals: 0/2
[2026-06-15T09:45:02.301Z] [MBT] Close: 65526.4 | High: 65738.5 | Low: 65463.6
[2026-06-15T09:45:02.301Z] [MBT] No RR≥2.5 signal
[2026-06-15T09:45:02.302Z] [MNQ] Polygon.io API key not set in config.json (global.polygon_api_key)
[2026-06-15T09:45:02.302Z] [MGC] Polygon.io API key not set in config.json (global.polygon_api_key)
[2026-06-15T09:54:14.190Z] === OTE Multi Bot run ===
[2026-06-15T09:54:14.192Z] PNL: $0 | Signals: 0/2
[2026-06-15T09:54:14.239Z] [MBT] Close: 65525.4 | High: 65646.9 | Low: 65463.6
[2026-06-15T09:54:14.240Z] [MBT] No RR≥2.5 signal
[2026-06-15T09:54:14.240Z] [MNQ] Polygon.io API key not set in config.json (global.polygon_api_key)
[2026-06-15T09:54:14.240Z] [MGC] Polygon.io API key not set in config.json (global.polygon_api_key)
[2026-06-15T09:57:02.015Z] === OTE Multi Bot run ===
[2026-06-15T09:57:02.018Z] PNL: $0 | Signals: 0/2
[2026-06-15T09:57:02.080Z] [MBT] Close: 65546.8 | High: 65627.6 | Low: 65463.6
[2026-06-15T09:57:02.081Z] [MBT] No RR≥2.5 signal
[2026-06-15T09:57:02.081Z] [MNQ] Polygon.io API key not set in config.json (global.polygon_api_key)
[2026-06-15T09:57:02.081Z] [MGC] Polygon.io API key not set in config.json (global.polygon_api_key)
[2026-06-15T10:12:01.993Z] === OTE Multi Bot run ===
[2026-06-15T10:12:01.996Z] PNL: $0 | Signals: 0/2
[2026-06-15T10:12:02.047Z] [MBT] Close: 65681.6 | High: 65681.7 | Low: 65473.3
[2026-06-15T10:12:02.047Z] [MBT] No RR≥2.5 signal
[2026-06-15T10:12:02.048Z] [MNQ] Polygon.io API key not set in config.json (global.polygon_api_key)
[2026-06-15T10:12:02.048Z] [MGC] Polygon.io API key not set in config.json (global.polygon_api_key)
[2026-06-15T10:15:01.981Z] === OTE Multi Bot run ===
[2026-06-15T10:15:01.984Z] PNL: $0 | Signals: 0/2
[2026-06-15T10:15:02.033Z] [MBT] Close: 65691.6 | High: 65712.8 | Low: 65473.3
[2026-06-15T10:15:02.035Z] [MBT] No RR≥2.5 signal
[2026-06-15T10:15:02.035Z] [MNQ] Polygon.io API key not set in config.json (global.polygon_api_key)
[2026-06-15T10:15:02.035Z] [MGC] Polygon.io API key not set in config.json (global.polygon_api_key)
[2026-06-15T10:24:07.500Z] === OTE Multi Bot run ===
[2026-06-15T10:24:07.503Z] PNL: $0 | Signals: 0/2
[2026-06-15T10:24:07.554Z] [MBT] Close: 65678.1 | High: 65712.8 | Low: 65516.7
[2026-06-15T10:24:07.554Z] [MBT] No RR≥2.5 signal
[2026-06-15T10:24:07.554Z] [MNQ] Polygon.io API key not set in config.json (global.polygon_api_key)
[2026-06-15T10:24:07.554Z] [MGC] Polygon.io API key not set in config.json (global.polygon_api_key)
[2026-06-15T10:32:07.855Z] === OTE Multi Bot run ===
[2026-06-15T10:32:07.858Z] PNL: $0 | Signals: 0/2
[2026-06-15T10:32:07.905Z] [MBT] Close: 65673.7 | High: 65712.8 | Low: 65576.6
[2026-06-15T10:32:07.905Z] [MBT] No RR≥2.5 signal
[2026-06-15T10:32:07.906Z] [MNQ] Polygon.io API key not set in config.json (global.polygon_api_key)
[2026-06-15T10:32:07.906Z] [MGC] Polygon.io API key not set in config.json (global.polygon_api_key)
[2026-06-15T10:33:05.722Z] === OTE Multi Bot run ===
[2026-06-15T10:33:05.725Z] PNL: $0 | Signals: 0/2
[2026-06-15T10:33:05.905Z] [MBT] Close: 65678.3 | High: 65712.8 | Low: 65576.6
[2026-06-15T10:33:05.906Z] [MBT] No RR≥2.5 signal
[2026-06-15T10:33:05.906Z] [MNQ] Polygon.io API key not set in config.json (global.polygon_api_key)
[2026-06-15T10:33:05.906Z] [MGC] Polygon.io API key not set in config.json (global.polygon_api_key)
[2026-06-15T10:39:02.221Z] === OTE Multi Bot run ===
[2026-06-15T10:39:02.224Z] PNL: $0 | Signals: 0/2
[2026-06-15T10:39:02.271Z] [MBT] Close: 65679.9 | High: 65712.8 | Low: 65657.6
[2026-06-15T10:39:02.272Z] [MBT] No RR≥2.5 signal
[2026-06-15T10:39:02.272Z] [MNQ] Polygon.io API key not set in config.json (global.polygon_api_key)
[2026-06-15T10:39:02.272Z] [MGC] Polygon.io API key not set in config.json (global.polygon_api_key)
[2026-06-15T10:42:03.030Z] === OTE Multi Bot run ===
[2026-06-15T10:42:03.032Z] PNL: $0 | Signals: 0/2
[2026-06-15T10:42:03.081Z] [MBT] Close: 65693.3 | High: 65710.7 | Low: 65657.6
[2026-06-15T10:42:03.082Z] [MBT] No RR≥2.5 signal
[2026-06-15T10:42:03.082Z] [MNQ] Polygon.io API key not set in config.json (global.polygon_api_key)
[2026-06-15T10:42:03.082Z] [MGC] Polygon.io API key not set in config.json (global.polygon_api_key)
[2026-06-15T10:48:04.816Z] === OTE Multi Bot run ===
[2026-06-15T10:48:04.819Z] PNL: $0 | Signals: 0/2
[2026-06-15T10:48:04.860Z] [MBT] Close: 65713.4 | High: 65735.5 | Low: 65663.2
[2026-06-15T10:48:04.860Z] [MBT] No RR≥2.5 signal
[2026-06-15T10:48:04.860Z] [MNQ] Polygon.io API key not set in config.json (global.polygon_api_key)
[2026-06-15T10:48:04.861Z] [MGC] Polygon.io API key not set in config.json (global.polygon_api_key)
